#
# A fatal error has been detected by the Java Runtime Environment:
#
#  EXCEPTION_ACCESS_VIOLATION (0xc0000005) at pc=0x6d43a1aa, pid=11928, tid=10520
#
# JRE version: 6.0_23-b05
# Java VM: Java HotSpot(TM) Client VM (19.0-b09 mixed mode windows-x86 )
# Problematic frame:
# C  [jdwp.dll+0x1a1aa]
#
# If you would like to submit a bug report, please visit:
#   http://java.sun.com/webapps/bugreport/crash.jsp
# The crash happened outside the Java Virtual Machine in native code.
# See problematic frame for where to report the bug.
#

---------------  T H R E A D  ---------------

Current thread (0x0197c000):  JavaThread "JDWP Command Reader" daemon [_thread_in_native, id=10520, stack(0x181d0000,0x18220000)]

siginfo: ExceptionCode=0xc0000005, reading address 0x00000000

Registers:
EAX=0x00000028, EBX=0x6d2b33e4, ECX=0x00000000, EDX=0xf3a6ff6b
ESP=0x1821f9f0, EBP=0x1821f9f4, ESI=0x6d2b30fc, EDI=0x0000000c
EIP=0x6d43a1aa, EFLAGS=0x00010206

Register to memory mapping:

EAX=0x00000028
0x00000028 is pointing to unknown location

EBX=0x6d2b33e4
0x6d2b33e4 is pointing to unknown location

ECX=0x00000000
0x00000000 is pointing to unknown location

EDX=0xf3a6ff6b
0xf3a6ff6b is pointing to unknown location

ESP=0x1821f9f0
0x1821f9f0 is pointing into the stack for thread: 0x0197c000
"JDWP Command Reader" daemon prio=6 tid=0x0197c000 nid=0x2918 runnable [0x00000000]
   java.lang.Thread.State: RUNNABLE

EBP=0x1821f9f4
0x1821f9f4 is pointing into the stack for thread: 0x0197c000
"JDWP Command Reader" daemon prio=6 tid=0x0197c000 nid=0x2918 runnable [0x00000000]
   java.lang.Thread.State: RUNNABLE

ESI=0x6d2b30fc
0x6d2b30fc is pointing to unknown location

EDI=0x0000000c
0x0000000c is pointing to unknown location


Top of Stack: (sp=0x1821f9f0)
0x1821f9f0:   6d2b30fc 1821fb14 6d2b1074 00000028
0x1821fa00:   1821fa14 6d2b33e4 6d2b30fc 1821fb54
0x1821fa10:   000000ca 65746e49 70757272 20646574
0x1821fa20:   636e7566 6e6f6974 6c616320 74a8006c
0x1821fa30:   3d20a382 1821fb54 17de9668 00000000
0x1821fa40:   1821facc 00000001 00000000 00000020
0x1821fa50:   00000002 00000000 c0000120 00000000
0x1821fa60:   00000000 000002e4 000ff130 00000000 

Instructions: (pc=0x6d43a1aa)
0x6d43a19a:   08 85 c0 75 02 5d c3 8b 0d c4 47 44 6d 8b 09 56
0x6d43a1aa:   8b 31 57 8d 55 08 52 99 52 50 51 ff 96 b4 00 00 


Stack: [0x181d0000,0x18220000],  sp=0x1821f9f0,  free space=318k
Native frames: (J=compiled Java code, j=interpreted, Vv=VM code, C=native code)
C  [jdwp.dll+0x1a1aa]
C  [dt_socket.dll+0x1074]
C  [dt_socket.dll+0x1a88]
C  [jdwp.dll+0x1816f]
V  [jvm.dll+0x146327]
V  [jvm.dll+0x18843c]
C  [msvcr71.dll+0x9565]
C  [kernel32.dll+0x4ed5c]
C  [ntdll.dll+0x637eb]
C  [ntdll.dll+0x637be]


---------------  P R O C E S S  ---------------

Java Threads: ( => current thread )
  0x18a68800 JavaThread "resolver-4" daemon [_thread_blocked, id=10960, stack(0x192a0000,0x192f0000)]
  0x18a68400 JavaThread "resolver-3" daemon [_thread_blocked, id=11536, stack(0x19250000,0x192a0000)]
  0x1897e400 JavaThread "resolver-2" daemon [_thread_blocked, id=11640, stack(0x18a00000,0x18a50000)]
  0x18925400 JavaThread "resolver-1" daemon [_thread_blocked, id=9488, stack(0x189b0000,0x18a00000)]
  0x0199d800 JavaThread "Low Memory Detector" daemon [_thread_blocked, id=7824, stack(0x182d0000,0x18320000)]
  0x01992c00 JavaThread "CompilerThread0" daemon [_thread_blocked, id=11260, stack(0x18220000,0x18270000)]
=>0x0197c000 JavaThread "JDWP Command Reader" daemon [_thread_in_native, id=10520, stack(0x181d0000,0x18220000)]
  0x0197b000 JavaThread "JDWP Event Helper Thread" daemon [_thread_blocked, id=11308, stack(0x18140000,0x18190000)]
  0x01979400 JavaThread "JDWP Transport Listener: dt_socket" daemon [_thread_blocked, id=11068, stack(0x180f0000,0x18140000)]
  0x01947c00 JavaThread "Attach Listener" daemon [_thread_blocked, id=11220, stack(0x17c40000,0x17c90000)]
  0x01944c00 JavaThread "Signal Dispatcher" daemon [_thread_blocked, id=10396, stack(0x17bf0000,0x17c40000)]
  0x0193c800 JavaThread "Finalizer" daemon [_thread_blocked, id=11340, stack(0x17ba0000,0x17bf0000)]
  0x01938000 JavaThread "Reference Handler" daemon [_thread_blocked, id=11152, stack(0x17b50000,0x17ba0000)]
  0x01a99c00 JavaThread "main" [_thread_blocked, id=4428, stack(0x00350000,0x003a0000)]

Other Threads:
  0x01934c00 VMThread [stack: 0x17b00000,0x17b50000] [id=10712]

VM state:at safepoint (normal execution)

VM Mutex/Monitor currently owned by a thread:  ([mutex/lock_event])
[0x01a97e90] Threads_lock - owner thread: 0x01934c00

Heap
 def new generation   total 4992K, used 132K [0x03aa0000, 0x04000000, 0x08ff0000)
  eden space 4480K,   2% used [0x03aa0000, 0x03ac1130, 0x03f00000)
  from space 512K,   0% used [0x03f00000, 0x03f00000, 0x03f80000)
  to   space 512K,   0% used [0x03f80000, 0x03f80000, 0x04000000)
 tenured generation   total 10944K, used 5507K [0x08ff0000, 0x09aa0000, 0x13aa0000)
   the space 10944K,  50% used [0x08ff0000, 0x09550e78, 0x09551000, 0x09aa0000)
 compacting perm gen  total 15104K, used 15062K [0x13aa0000, 0x14960000, 0x17aa0000)
   the space 15104K,  99% used [0x13aa0000, 0x14955910, 0x14955a00, 0x14960000)
No shared spaces configured.

Dynamic libraries:
0x00400000 - 0x00424000 	C:\Program Files\Java\jdk1.6.0_23\bin\javaw.exe
0x77340000 - 0x7747c000 	C:\Windows\SYSTEM32\ntdll.dll
0x77100000 - 0x771d4000 	C:\Windows\system32\kernel32.dll
0x750e0000 - 0x7512b000 	C:\Windows\system32\KERNELBASE.dll
0x774d0000 - 0x77570000 	C:\Windows\system32\ADVAPI32.dll
0x763c0000 - 0x7646c000 	C:\Windows\system32\msvcrt.dll
0x75440000 - 0x75459000 	C:\Windows\SYSTEM32\sechost.dll
0x76710000 - 0x767b2000 	C:\Windows\system32\RPCRT4.dll
0x76500000 - 0x765c9000 	C:\Windows\system32\USER32.dll
0x769c0000 - 0x76a0e000 	C:\Windows\system32\GDI32.dll
0x76a70000 - 0x76a7a000 	C:\Windows\system32\LPK.dll
0x76b10000 - 0x76bad000 	C:\Windows\system32\USP10.dll
0x764e0000 - 0x764ff000 	C:\Windows\system32\IMM32.DLL
0x76bb0000 - 0x76c7c000 	C:\Windows\system32\MSCTF.dll
0x7c340000 - 0x7c396000 	C:\Program Files\Java\jdk1.6.0_23\jre\bin\msvcr71.dll
0x6d8a0000 - 0x6db4c000 	C:\Program Files\Java\jdk1.6.0_23\jre\bin\client\jvm.dll
0x753d0000 - 0x75402000 	C:\Windows\system32\WINMM.dll
0x74f40000 - 0x74f8c000 	C:\Windows\system32\apphelp.dll
0x6d850000 - 0x6d85c000 	C:\Program Files\Java\jdk1.6.0_23\jre\bin\verify.dll
0x6d3d0000 - 0x6d3ef000 	C:\Program Files\Java\jdk1.6.0_23\jre\bin\java.dll
0x6d330000 - 0x6d338000 	C:\Program Files\Java\jdk1.6.0_23\jre\bin\hpi.dll
0x77480000 - 0x77485000 	C:\Windows\system32\PSAPI.DLL
0x6d420000 - 0x6d449000 	C:\Program Files\Java\jdk1.6.0_23\jre\bin\jdwp.dll
0x6d740000 - 0x6d746000 	C:\Program Files\Java\jdk1.6.0_23\jre\bin\npt.dll
0x6d890000 - 0x6d89f000 	C:\Program Files\Java\jdk1.6.0_23\jre\bin\zip.dll
0x6d2b0000 - 0x6d2b7000 	C:\Program Files\Java\jdk1.6.0_23\jre\bin\dt_socket.dll
0x76d10000 - 0x76d45000 	C:\Windows\system32\WS2_32.dll
0x77490000 - 0x77496000 	C:\Windows\system32\NSI.dll
0x73530000 - 0x73540000 	C:\Windows\system32\NLAapi.dll
0x6e490000 - 0x6e4a0000 	C:\Windows\system32\napinsp.dll
0x6e470000 - 0x6e482000 	C:\Windows\system32\pnrpnsp.dll
0x74a80000 - 0x74abc000 	C:\Windows\System32\mswsock.dll
0x74940000 - 0x74984000 	C:\Windows\system32\DNSAPI.dll
0x6e460000 - 0x6e468000 	C:\Windows\System32\winrnr.dll
0x73230000 - 0x7324c000 	C:\Windows\system32\IPHLPAPI.DLL
0x73220000 - 0x73227000 	C:\Windows\system32\WINNSI.DLL
0x71940000 - 0x71978000 	C:\Windows\System32\fwpuclnt.dll
0x6eeb0000 - 0x6eeb6000 	C:\Windows\system32\rasadhlp.dll
0x01a50000 - 0x01a83000 	C:\Program Files\YouKu\YoukuClient\ikutm.dll
0x771e0000 - 0x7733c000 	C:\Windows\system32\ole32.dll
0x745b0000 - 0x745d1000 	C:\Windows\system32\ntmarta.dll
0x76370000 - 0x763b5000 	C:\Windows\system32\WLDAP32.dll
0x17ce0000 - 0x17d12000 	C:\Program Files\YouKu\YoukuClient\ikutmco.dll
0x745a0000 - 0x745a6000 	C:\Windows\System32\wshqos.dll
0x74590000 - 0x74595000 	C:\Windows\system32\wshtcpip.DLL
0x74a70000 - 0x74a76000 	C:\Windows\system32\wship6.dll
0x6d6b0000 - 0x6d6c3000 	C:\Program Files\Java\jdk1.6.0_23\jre\bin\net.dll
0x6d6d0000 - 0x6d6d9000 	C:\Program Files\Java\jdk1.6.0_23\jre\bin\nio.dll
0x74ac0000 - 0x74ad6000 	C:\Windows\system32\CRYPTSP.dll
0x74860000 - 0x7489b000 	C:\Windows\system32\rsaenh.dll
0x746a0000 - 0x746b7000 	C:\Windows\system32\USERENV.dll
0x75040000 - 0x7504b000 	C:\Windows\system32\profapi.dll
0x74fc0000 - 0x74fcc000 	C:\Windows\system32\CRYPTBASE.dll

VM Arguments:
jvm_args: -agentlib:jdwp=transport=dt_socket,suspend=y,address=localhost:58735 -Dmaven.home=D:\Maven\apache-maven-3.0.5 -Dclassworlds.conf=E:\workspace\.metadata\.plugins\org.eclipse.m2e.launching\launches\m2conf6036395866187958654.tmp -Dmaven.bootclasspath=D:\Maven\apache-maven-3.0.5\boot\plexus-classworlds-2.4.jar -Dfile.encoding=GBK 
java_command: org.codehaus.plexus.classworlds.launcher.Launcher -B install
Launcher Type: SUN_STANDARD

Environment Variables:
JAVA_HOME=C:\Program Files\Java\jdk1.6.0_23
CLASSPATH=.;C:\Program Files\Java\jdk1.6.0_23\lib;C:\Program Files\Java\jdk1.6.0_23\lib\tools.jar
PATH=C:/Program Files/Java/jre6/bin/client;C:/Program Files/Java/jre6/bin;C:/Program Files/Java/jre6/lib/i386;C:\Program Files\AMD APP\bin\x86;C:\Windows\system32;C:\Windows;C:\Windows\System32\Wbem;C:\Windows\System32\WindowsPowerShell\v1.0\;C:\Program Files\ATI Technologies\ATI.ACE\Core-Static;C:\Program Files\Java\jdk1.6.0_23\bin;C:\Program Files\Java\jdk1.6.0_23\jre\bin;C:\Program Files\TortoiseSVN\bin;D:\Maven\apache-maven-3.0.5\bin;D:\Nexus\nexus-2.6.2-01\bin\jsw\windows-x86-32;C:\Program Files\VisualSVN Server\bin;C:\Program Files\Microsoft SQL Server\80\Tools\Binn\;C:\Program Files\Microsoft SQL Server\90\DTS\Binn\;C:\Program Files\Microsoft SQL Server\90\Tools\binn\;C:\Program Files\Microsoft SQL Server\90\Tools\Binn\VSShell\Common7\IDE\;C:\Program Files\Microsoft Visual Studio 8\Common7\IDE\PrivateAssemblies\;E:\eclipse;
USERNAME=SUNNY
OS=Windows_NT
PROCESSOR_IDENTIFIER=x86 Family 16 Model 5 Stepping 3, AuthenticAMD



---------------  S Y S T E M  ---------------

OS: Windows 7 Build 7601 Service Pack 1

CPU:total 4 (4 cores per cpu, 1 threads per core) family 16 model 5 stepping 3, cmov, cx8, fxsr, mmx, sse, sse2, sse3, popcnt, mmxext, 3dnow, 3dnowext, lzcnt, sse4a

Memory: 4k page, physical 3405992k(1035668k free), swap 6810232k(3050476k free)

vm_info: Java HotSpot(TM) Client VM (19.0-b09) for windows-x86 JRE (1.6.0_23-b05), built on Nov 12 2010 15:00:43 by "java_re" with MS VC++ 7.1 (VS2003)

time: Wed Nov 20 14:07:33 2013
elapsed time: 33 seconds

